<?xml version="1.0" encoding="UTF-8"?>
<!-- Generated by org.testng.reporters.JUnitReportReporter -->
<testsuite hostname="INBAWN172234" failures="0" tests="2" name="Practice.DynamicJson" time="2.050" errors="0" timestamp="2025-01-05T16:50:18 IST" skipped="0">
  <testcase classname="Practice.DynamicJson" name="addbook" time="0.125"/>
  <system-out/>
  <testcase classname="Practice.DynamicJson" name="addbook" time="1.925"/>
  <system-out/>
</testsuite> <!-- Practice.DynamicJson -->
