<?xml version="1.0" encoding="UTF-8"?>
<!-- Generated by org.testng.reporters.JUnitReportReporter -->
<testsuite hostname="INBAWN172234" failures="0" tests="1" name="Practice.oAuthTest" time="2.811" errors="0" timestamp="2025-01-07T09:36:25 IST" skipped="0">
  <testcase classname="Practice.oAuthTest" name="getcourse" time="2.811"/>
  <system-out/>
</testsuite> <!-- Practice.oAuthTest -->
