<?xml version="1.0" encoding="UTF-8"?>
<!-- Generated by org.testng.reporters.JUnitReportReporter -->
<testsuite hostname="INBAWN172234" failures="0" tests="1" name="Practice.serializeExample" time="4.351" errors="0" timestamp="2025-01-07T10:14:13 IST" skipped="0">
  <testcase classname="Practice.serializeExample" name="test1" time="4.351"/>
  <system-out/>
</testsuite> <!-- Practice.serializeExample -->
