<?xml version="1.0" encoding="UTF-8"?>
<!-- Generated by org.testng.reporters.JUnitReportReporter -->
<testsuite hostname="INBAWN172234" failures="0" tests="2" name="datadrivenExample" time="3.134" errors="0" timestamp="2025-01-03T21:29:29 IST" skipped="0">
  <testcase classname="datadrivenExample" name="logintest" time="2.162"/>
  <testcase classname="datadrivenExample" name="logintest" time="0.972"/>
</testsuite> <!-- datadrivenExample -->
